<?xml version="1.0" encoding="UTF-8"?>
<!-- Generated by org.testng.reporters.JUnitXMLReporter -->
<testsuite ignored="0" hostname="LHRLT-10570" failures="1" tests="2" name="Default test" time="72.597" errors="0" timestamp="2022-11-02T12:20:13 PKT">
  <testcase classname="io.cucumber.testng.AbstractTestNGCucumberTests" name="runScenario" time="50.186"/>
  <testcase classname="io.cucumber.testng.AbstractTestNGCucumberTests" name="runScenario" time="58.013">
    <failure type="java.lang.NullPointerException" message="Cannot invoke &amp;quot;Pages.SuccessPage.Channel_reference_id()&amp;quot; because &amp;quot;this.sp&amp;quot; is null">
      <![CDATA[java.lang.NullPointerException: Cannot invoke "Pages.SuccessPage.Channel_reference_id()" because "this.sp" is null
at StepDefinition.InvoiceOrder.OrderId(InvoiceOrder.java:243)
at ✽.Take Channel reference id on success page(file:///C:/Users/taimur.hassan/eclipse-workspace/NewTV/src/test/resources/Features/Webshop.feature:35)
]]>
    </failure>
  </testcase> <!-- runScenario -->
</testsuite> <!-- Default test -->
