<?xml version="1.0" encoding="UTF-8"?>
<!-- Generated by org.testng.reporters.JUnitReportReporter -->
<testsuite hostname="LHRLT-10570" failures="0" tests="2" name="Runner.TestRunner" time="108.199" errors="1" timestamp="2022-11-02T12:20:13 PKT" skipped="0">
  <testcase classname="Runner.TestRunner" name="runScenario" time="58.013">
    <error message="Cannot invoke &quot;Pages.SuccessPage.Channel_reference_id()&quot; because &quot;this.sp&quot; is null" type="java.lang.NullPointerException">
      <![CDATA[java.lang.NullPointerException: Cannot invoke "Pages.SuccessPage.Channel_reference_id()" because "this.sp" is null
at StepDefinition.InvoiceOrder.OrderId(InvoiceOrder.java:243)
at ✽.Take Channel reference id on success page(file:///C:/Users/taimur.hassan/eclipse-workspace/NewTV/src/test/resources/Features/Webshop.feature:35)
]]>
    </error>
  </testcase> <!-- runScenario -->
  <system-out/>
  <testcase classname="Runner.TestRunner" name="runScenario" time="50.186"/>
  <system-out/>
</testsuite> <!-- Runner.TestRunner -->
